<?xml version="1.0" encoding="UTF-8"?>
<testsuites>
  <testsuite name="CodeIgniter Application Test Suite" tests="20" assertions="24" failures="1" errors="0" time="0.770617">
    <testsuite name="Admin_test" file="D:\xampp\htdocs\polaloyd\application\tests\controllers\Admin_test.php" fullPackage="Admin" tests="13" assertions="17" failures="1" errors="0" time="0.556509">
      <testcase name="test_submit_masuk_nousername" class="Admin_test" file="D:\xampp\htdocs\polaloyd\application\tests\controllers\Admin_test.php" line="21" assertions="2" time="0.038893"/>
      <testcase name="test_submit_masuk_nopassword" class="Admin_test" file="D:\xampp\htdocs\polaloyd\application\tests\controllers\Admin_test.php" line="32" assertions="2" time="0.029969"/>
      <testcase name="test_submit_masuk_unmatch" class="Admin_test" file="D:\xampp\htdocs\polaloyd\application\tests\controllers\Admin_test.php" line="43" assertions="2" time="0.030015"/>
      <testcase name="test_submit_masuk_blank" class="Admin_test" file="D:\xampp\htdocs\polaloyd\application\tests\controllers\Admin_test.php" line="54" assertions="2" time="0.029116"/>
      <testcase name="test_submit_masuk" class="Admin_test" file="D:\xampp\htdocs\polaloyd\application\tests\controllers\Admin_test.php" line="65" assertions="2" time="0.037123"/>
      <testcase name="test_keluar" class="Admin_test" file="D:\xampp\htdocs\polaloyd\application\tests\controllers\Admin_test.php" line="76" assertions="1" time="0.027010"/>
      <testcase name="test_getDataKomentar_berhasil" class="Admin_test" file="D:\xampp\htdocs\polaloyd\application\tests\controllers\Admin_test.php" line="87" assertions="1" time="0.050554"/>
      <testcase name="test_getDataKomentar_gagal" class="Admin_test" file="D:\xampp\htdocs\polaloyd\application\tests\controllers\Admin_test.php" line="93" assertions="0" time="0.035561">
        <failure type="PHPUnit_Framework_AssertionFailedError">Admin_test::test_getDataKomentar_gagal
redirect() is not called.

D:\xampp\htdocs\polaloyd\application\tests\_ci_phpunit_test\CIPHPUnitTestCase.php:407
D:\xampp\htdocs\polaloyd\application\tests\controllers\Admin_test.php:96
</failure>
      </testcase>
      <testcase name="test_modelHalamanKomentar" class="Admin_test" file="D:\xampp\htdocs\polaloyd\application\tests\controllers\Admin_test.php" line="111" assertions="1" time="0.034880"/>
      <testcase name="test_controllerAdmin" class="Admin_test" file="D:\xampp\htdocs\polaloyd\application\tests\controllers\Admin_test.php" line="118" assertions="1" time="0.026229"/>
      <testcase name="test_controllerAdmin_fail" class="Admin_test" file="D:\xampp\htdocs\polaloyd\application\tests\controllers\Admin_test.php" line="125" assertions="1" time="0.025101"/>
      <testcase name="test_create" class="Admin_test" file="D:\xampp\htdocs\polaloyd\application\tests\controllers\Admin_test.php" line="136" assertions="1" time="0.148192"/>
      <testcase name="test_create_gagal" class="Admin_test" file="D:\xampp\htdocs\polaloyd\application\tests\controllers\Admin_test.php" line="147" assertions="1" time="0.043866"/>
    </testsuite>
    <testsuite name="Index_test" file="D:\xampp\htdocs\polaloyd\application\tests\controllers\Index_test.php" fullPackage="Index" tests="1" assertions="1" failures="0" errors="0" time="0.035601">
      <testcase name="test_index" class="Index_test" file="D:\xampp\htdocs\polaloyd\application\tests\controllers\Index_test.php" line="22" assertions="1" time="0.035601"/>
    </testsuite>
    <testsuite name="View_test" file="D:\xampp\htdocs\polaloyd\application\tests\controllers\View_test.php" fullPackage="View" tests="6" assertions="6" failures="0" errors="0" time="0.178506">
      <testcase name="test_halamanloginadmin" class="View_test" file="D:\xampp\htdocs\polaloyd\application\tests\controllers\View_test.php" line="21" assertions="1" time="0.027711"/>
      <testcase name="test_halamanloginadmin_fail" class="View_test" file="D:\xampp\htdocs\polaloyd\application\tests\controllers\View_test.php" line="28" assertions="1" time="0.035152"/>
      <testcase name="test_halamanloginadmin_else" class="View_test" file="D:\xampp\htdocs\polaloyd\application\tests\controllers\View_test.php" line="34" assertions="1" time="0.031156"/>
      <testcase name="test_halamanHome" class="View_test" file="D:\xampp\htdocs\polaloyd\application\tests\controllers\View_test.php" line="41" assertions="1" time="0.033881"/>
      <testcase name="test_halamanKomentar" class="View_test" file="D:\xampp\htdocs\polaloyd\application\tests\controllers\View_test.php" line="47" assertions="1" time="0.025011"/>
      <testcase name="test_halamanKomentar_fail" class="View_test" file="D:\xampp\htdocs\polaloyd\application\tests\controllers\View_test.php" line="54" assertions="1" time="0.025595"/>
    </testsuite>
  </testsuite>
</testsuites>
